[20:55:21.485][info] [#0:/home/acs/dotfiles/data/nvim/mason/packages/lua-language-server/libexec/main.lua:68]: Lua Lsp startup, root: 	/home/acs/dotfiles/data/nvim/mason/packages/lua-language-server/libexec
[20:55:21.485][info] [#0:/home/acs/dotfiles/data/nvim/mason/packages/lua-language-server/libexec/main.lua:69]: ROOT:	/home/acs/dotfiles/data/nvim/mason/packages/lua-language-server/libexec
[20:55:21.485][info] [#0:/home/acs/dotfiles/data/nvim/mason/packages/lua-language-server/libexec/main.lua:70]: LOGPATH:	/home/acs/dotfiles/data/nvim/mason/packages/lua-language-server/libexec/log
[20:55:21.485][info] [#0:/home/acs/dotfiles/data/nvim/mason/packages/lua-language-server/libexec/main.lua:71]: METAPATH:	/home/acs/dotfiles/data/nvim/mason/packages/lua-language-server/libexec/meta
[20:55:21.485][info] [#0:/home/acs/dotfiles/data/nvim/mason/packages/lua-language-server/libexec/main.lua:72]: VERSION:	3.13.5
[20:55:21.518][info] [#0:script/proto/proto.lua:260]: Listen Mode: stdio
[20:55:21.518][info] [#0:script/service/service.lua:145]: 
========= Medical Examination Report =========
    --------------- Memory ---------------
        Total: 2.254 MB
        # 00 : 2.254 MB
        # 01 : 0.000 MB
        # 02 : 0.000 MB
        # 03 : 0.000 MB
        # 04 : 0.000 MB
    --------------- Coroutine ---------------
        Total:     0
        Running:   0
        Suspended: 0
        Normal:    0
        Dead:      0
    --------------- Cache ---------------
        Total: 1
        Dead:  0
    ---------------  RPC  ---------------
        Holdon:   0
        Waiting:  0
==============================================
[20:55:21.626][info] [#0:script/client.lua:657]: Client init	{
  capabilities = {
    general = {
      positionEncodings = { "utf-8", "utf-16", "utf-32" }
    },
    textDocument = {
      callHierarchy = {
        dynamicRegistration = false
      },
      codeAction = {
        codeActionLiteralSupport = {
          codeActionKind = {
            valueSet = { "", "quickfix", "refactor", "refactor.extract", "refactor.inline", "refactor.rewrite", "source", "source.organizeImports" }
          }
        },
        dataSupport = true,
        dynamicRegistration = true,
        isPreferredSupport = true,
        resolveSupport = {
          properties = { "edit" }
        }
      },
      codeLens = {
        dynamicRegistration = false,
        resolveSupport = {
          properties = { "command" }
        }
      },
      completion = {
        completionItem = {
          commitCharactersSupport = true,
          deprecatedSupport = true,
          documentationFormat = { "markdown", "plaintext" },
          insertReplaceSupport = true,
          insertTextModeSupport = {
            valueSet = { 1, 2 }
          },
          labelDetailsSupport = true,
          preselectSupport = true,
          resolveSupport = {
            properties = { "documentation", "additionalTextEdits", "insertTextFormat", "insertTextMode", "command" }
          },
          snippetSupport = true,
          tagSupport = {
            valueSet = { 1 }
          }
        },
        completionItemKind = {
          valueSet = { 1, 2, 3, 4, 5, 6, 7, 8, 9, 10, 11, 12, 13, 14, 15, 16, 17, 18, 19, 20, 21, 22, 23, 24, 25 }
        },
        completionList = {
          itemDefaults = { "commitCharacters", "editRange", "insertTextFormat", "insertTextMode", "data" }
        },
        contextSupport = true,
        dynamicRegistration = false,
        insertTextMode = 1
      },
      declaration = {
        linkSupport = true
      },
      definition = {
        dynamicRegistration = true,
        linkSupport = true
      },
      diagnostic = {
        dynamicRegistration = false
      },
      documentHighlight = {
        dynamicRegistration = false
      },
      documentSymbol = {
        dynamicRegistration = false,
        hierarchicalDocumentSymbolSupport = true,
        symbolKind = {
          valueSet = { 1, 2, 3, 4, 5, 6, 7, 8, 9, 10, 11, 12, 13, 14, 15, 16, 17, 18, 19, 20, 21, 22, 23, 24, 25, 26 }
        }
      },
      foldingRange = {
        dynamicRegistration = false,
        foldingRange = {
          collapsedText = true
        },
        lineFoldingOnly = true
      },
      formatting = {
        dynamicRegistration = true
      },
      hover = {
        contentFormat = { "markdown", "plaintext" },
        dynamicRegistration = true
      },
      implementation = {
        linkSupport = true
      },
      inlayHint = {
        dynamicRegistration = true,
        resolveSupport = {
          properties = { "textEdits", "tooltip", "location", "command" }
        }
      },
      publishDiagnostics = {
        dataSupport = true,
        relatedInformation = true,
        tagSupport = {
          valueSet = { 1, 2 }
        }
      },
      rangeFormatting = {
        dynamicRegistration = true,
        rangesSupport = true
      },
      references = {
        dynamicRegistration = false
      },
      rename = {
        dynamicRegistration = true,
        prepareSupport = true
      },
      semanticTokens = {
        augmentsSyntaxTokens = true,
        dynamicRegistration = false,
        formats = { "relative" },
        multilineTokenSupport = false,
        overlappingTokenSupport = true,
        requests = {
          full = {
            delta = true
          },
          range = false
        },
        serverCancelSupport = false,
        tokenModifiers = { "declaration", "definition", "readonly", "static", "deprecated", "abstract", "async", "modification", "documentation", "defaultLibrary" },
        tokenTypes = { "namespace", "type", "class", "enum", "interface", "struct", "typeParameter", "parameter", "variable", "property", "enumMember", "event", "function", "method", "macro", "keyword", "modifier", "comment", "string", "number", "regexp", "operator", "decorator" }
      },
      signatureHelp = {
        dynamicRegistration = false,
        signatureInformation = {
          activeParameterSupport = true,
          documentationFormat = { "markdown", "plaintext" },
          parameterInformation = {
            labelOffsetSupport = true
          }
        }
      },
      synchronization = {
        didSave = true,
        dynamicRegistration = false,
        willSave = true,
        willSaveWaitUntil = true
      },
      typeDefinition = {
        linkSupport = true
      }
    },
    window = {
      showDocument = {
        support = true
      },
      showMessage = {
        messageActionItem = {
          additionalPropertiesSupport = true
        }
      },
      workDoneProgress = true
    },
    workspace = {
      applyEdit = true,
      configuration = true,
      didChangeConfiguration = {
        dynamicRegistration = false
      },
      didChangeWatchedFiles = {
        dynamicRegistration = false,
        relativePatternSupport = true
      },
      inlayHint = {
        refreshSupport = true
      },
      semanticTokens = {
        refreshSupport = true
      },
      symbol = {
        dynamicRegistration = false,
        symbolKind = {
          valueSet = { 1, 2, 3, 4, 5, 6, 7, 8, 9, 10, 11, 12, 13, 14, 15, 16, 17, 18, 19, 20, 21, 22, 23, 24, 25, 26 }
        }
      },
      workspaceEdit = {
        resourceOperations = { "rename", "create", "delete" }
      },
      workspaceFolders = true
    }
  },
  clientInfo = {
    name = "Neovim",
    version = "0.11.0-dev+g7e1c1ff7fc"
  },
  initializationOptions = {},
  processId = 1002093,
  rootPath = "/home/acs/dotfiles/config/nvim",
  rootUri = "file:///home/acs/dotfiles/config/nvim",
  trace = "off",
  workDoneToken = "1",
  workspaceFolders = { {
      name = "/home/acs/dotfiles/config/nvim",
      uri = "file:///home/acs/dotfiles/config/nvim"
    } }
}
[20:55:21.626][info] [#0:script/language.lua:137]: VSC language: nil
[20:55:21.626][info] [#0:script/language.lua:138]: LS  language: en-us
[20:55:21.626][info] [#0:script/workspace/workspace.lua:38]: Workspace init root: 	file:///home/acs/dotfiles/config/nvim
[20:55:21.626][info] [#0:script/workspace/workspace.lua:42]: Log path: 	/home/acs/dotfiles/data/nvim/mason/packages/lua-language-server/libexec/log/file_home_acs_dotfiles_config_nvim.log
[20:55:21.626][info] [#0:script/workspace/workspace.lua:48]: Workspace create: 	file:///home/acs/dotfiles/config/nvim
[20:55:21.929][warn] [#0:script/config/loader.lua:116]: No config?	{}
[20:55:22.030][warn] [#0:script/config/loader.lua:116]: No config?	{}
[20:55:22.030][info] [#0:script/provider/provider.lua:65]: Load config from client	fallback
[20:55:22.030][info] [#0:script/provider/provider.lua:66]: nil
[20:55:22.144][info] [#0:script/library.lua:212]: Init builtin library at:	file:///home/acs/dotfiles/config/nvim
[20:55:22.164][info] [#0:script/library.lua:212]: Init builtin library at:	nil
[20:55:22.279][info] [#0:script/workspace/workspace.lua:324]: Preload start:	file:///home/acs/dotfiles/config/nvim
[20:55:22.281][info] [#0:script/workspace/workspace.lua:330]: Scan files at:	file:///home/acs/dotfiles/config/nvim
[20:55:22.282][info] [#0:script/workspace/workspace.lua:324]: Preload start:	<fallback>
[20:55:22.288][info] [#0:script/workspace/workspace.lua:353]: Scan library at:	file:///home/acs/dotfiles/data/nvim/mason/packages/lua-language-server/libexec/meta/Lua%205.4%20en-us%20utf8/io.lua
[20:55:22.288][info] [#0:script/workspace/workspace.lua:353]: Scan library at:	file:///home/acs/dotfiles/data/nvim/mason/packages/lua-language-server/libexec/meta/Lua%205.4%20en-us%20utf8/string.lua
[20:55:22.289][info] [#0:script/workspace/workspace.lua:353]: Scan library at:	file:///home/acs/dotfiles/data/nvim/mason/packages/lua-language-server/libexec/meta/Lua%205.4%20en-us%20utf8/utf8.lua
[20:55:22.289][info] [#0:script/workspace/workspace.lua:353]: Scan library at:	file:///home/acs/dotfiles/data/nvim/mason/packages/lua-language-server/libexec/meta/Lua%205.4%20en-us%20utf8/basic.lua
[20:55:22.289][info] [#0:script/workspace/workspace.lua:353]: Scan library at:	file:///home/acs/dotfiles/data/nvim/mason/packages/lua-language-server/libexec/meta/Lua%205.4%20en-us%20utf8/debug.lua
[20:55:22.290][info] [#0:script/workspace/workspace.lua:353]: Scan library at:	file:///home/acs/dotfiles/data/nvim/mason/packages/lua-language-server/libexec/meta/Lua%205.4%20en-us%20utf8/package.lua
[20:55:22.290][info] [#0:script/workspace/workspace.lua:353]: Scan library at:	file:///home/acs/dotfiles/data/nvim/mason/packages/lua-language-server/libexec/meta/Lua%205.4%20en-us%20utf8/math.lua
[20:55:22.291][info] [#0:script/workspace/workspace.lua:353]: Scan library at:	file:///home/acs/dotfiles/data/nvim/mason/packages/lua-language-server/libexec/meta/Lua%205.4%20en-us%20utf8/table.lua
[20:55:22.291][info] [#0:script/workspace/workspace.lua:353]: Scan library at:	file:///home/acs/dotfiles/data/nvim/mason/packages/lua-language-server/libexec/meta/Lua%205.4%20en-us%20utf8/builtin.lua
[20:55:22.291][info] [#0:script/workspace/workspace.lua:353]: Scan library at:	file:///home/acs/dotfiles/data/nvim/mason/packages/lua-language-server/libexec/meta/Lua%205.4%20en-us%20utf8/coroutine.lua
[20:55:22.292][info] [#0:script/workspace/workspace.lua:353]: Scan library at:	file:///home/acs/dotfiles/data/nvim/mason/packages/lua-language-server/libexec/meta/Lua%205.4%20en-us%20utf8/io.lua
[20:55:22.292][info] [#0:script/workspace/workspace.lua:353]: Scan library at:	file:///home/acs/dotfiles/data/nvim/mason/packages/lua-language-server/libexec/meta/Lua%205.4%20en-us%20utf8/os.lua
[20:55:22.292][info] [#0:script/workspace/workspace.lua:353]: Scan library at:	file:///home/acs/dotfiles/data/nvim/mason/packages/lua-language-server/libexec/meta/Lua%205.4%20en-us%20utf8/string.lua
[20:55:22.293][info] [#0:script/workspace/workspace.lua:353]: Scan library at:	file:///home/acs/dotfiles/data/nvim/mason/packages/lua-language-server/libexec/meta/Lua%205.4%20en-us%20utf8/utf8.lua
[20:55:22.293][info] [#0:script/workspace/workspace.lua:353]: Scan library at:	file:///home/acs/dotfiles/data/nvim/mason/packages/lua-language-server/libexec/meta/Lua%205.4%20en-us%20utf8/basic.lua
[20:55:22.293][info] [#0:script/workspace/workspace.lua:353]: Scan library at:	file:///home/acs/dotfiles/data/nvim/mason/packages/lua-language-server/libexec/meta/Lua%205.4%20en-us%20utf8/debug.lua
[20:55:22.293][info] [#0:script/workspace/workspace.lua:353]: Scan library at:	file:///home/acs/dotfiles/data/nvim/mason/packages/lua-language-server/libexec/meta/Lua%205.4%20en-us%20utf8/package.lua
[20:55:22.294][info] [#0:script/workspace/workspace.lua:353]: Scan library at:	file:///home/acs/dotfiles/data/nvim/mason/packages/lua-language-server/libexec/meta/Lua%205.4%20en-us%20utf8/math.lua
[20:55:22.294][info] [#0:script/workspace/workspace.lua:353]: Scan library at:	file:///home/acs/dotfiles/data/nvim/mason/packages/lua-language-server/libexec/meta/Lua%205.4%20en-us%20utf8/table.lua
[20:55:22.294][info] [#0:script/workspace/workspace.lua:353]: Scan library at:	file:///home/acs/dotfiles/data/nvim/mason/packages/lua-language-server/libexec/meta/Lua%205.4%20en-us%20utf8/builtin.lua
[20:55:22.294][info] [#0:script/workspace/workspace.lua:353]: Scan library at:	file:///home/acs/dotfiles/data/nvim/mason/packages/lua-language-server/libexec/meta/Lua%205.4%20en-us%20utf8/coroutine.lua
[20:55:22.295][info] [#0:script/workspace/workspace.lua:353]: Scan library at:	file:///home/acs/dotfiles/data/nvim/mason/packages/lua-language-server/libexec/meta/Lua%205.4%20en-us%20utf8/os.lua
[20:55:22.395][info] [#0:script/workspace/workspace.lua:379]: Found 11 files at:	<fallback>
[20:55:22.395][info] [#0:script/workspace/loading.lua:160]: Load files from disk:	<fallback>
[20:55:22.395][info] [#0:script/workspace/workspace.lua:379]: Found 21 files at:	file:///home/acs/dotfiles/config/nvim
[20:55:22.395][info] [#0:script/workspace/loading.lua:160]: Load files from disk:	file:///home/acs/dotfiles/config/nvim
[20:55:22.396][info] [#0:script/workspace/loading.lua:100]: Preload file at: file:///home/acs/dotfiles/data/nvim/mason/packages/lua-language-server/libexec/meta/Lua%205.4%20en-us%20utf8/os.lua , size = 5.600 KB
[20:55:22.402][info] [#0:script/workspace/loading.lua:112]: ++++As library of:	file:///home/acs/dotfiles/data/nvim/mason/packages/lua-language-server/libexec/meta/Lua%205.4%20en-us%20utf8/os.lua
[20:55:22.402][info] [#0:script/workspace/loading.lua:100]: Preload file at: file:///home/acs/dotfiles/data/nvim/mason/packages/lua-language-server/libexec/meta/Lua%205.4%20en-us%20utf8/coroutine.lua , size = 2.590 KB
[20:55:22.405][info] [#0:script/workspace/loading.lua:112]: ++++As library of:	file:///home/acs/dotfiles/data/nvim/mason/packages/lua-language-server/libexec/meta/Lua%205.4%20en-us%20utf8/coroutine.lua
[20:55:22.405][info] [#0:script/workspace/loading.lua:97]: Skip loaded file: file:///home/acs/dotfiles/data/nvim/mason/packages/lua-language-server/libexec/meta/Lua%205.4%20en-us%20utf8/os.lua
[20:55:22.405][info] [#0:script/workspace/loading.lua:88]: Skip loaded file: file:///home/acs/dotfiles/data/nvim/mason/packages/lua-language-server/libexec/meta/Lua%205.4%20en-us%20utf8/coroutine.lua
[20:55:22.405][info] [#0:script/workspace/loading.lua:112]: ++++As library of:	file:///home/acs/dotfiles/data/nvim/mason/packages/lua-language-server/libexec/meta/Lua%205.4%20en-us%20utf8/coroutine.lua
[20:55:22.405][info] [#0:script/workspace/loading.lua:100]: Preload file at: file:///home/acs/dotfiles/data/nvim/mason/packages/lua-language-server/libexec/meta/Lua%205.4%20en-us%20utf8/builtin.lua , size = 0.302 KB
[20:55:22.406][info] [#0:script/workspace/loading.lua:112]: ++++As library of:	file:///home/acs/dotfiles/data/nvim/mason/packages/lua-language-server/libexec/meta/Lua%205.4%20en-us%20utf8/builtin.lua
[20:55:22.407][info] [#0:script/workspace/loading.lua:88]: Skip loaded file: file:///home/acs/dotfiles/data/nvim/mason/packages/lua-language-server/libexec/meta/Lua%205.4%20en-us%20utf8/builtin.lua
[20:55:22.407][info] [#0:script/workspace/loading.lua:112]: ++++As library of:	file:///home/acs/dotfiles/data/nvim/mason/packages/lua-language-server/libexec/meta/Lua%205.4%20en-us%20utf8/builtin.lua
[20:55:22.407][info] [#0:script/workspace/loading.lua:100]: Preload file at: file:///home/acs/dotfiles/data/nvim/mason/packages/lua-language-server/libexec/meta/Lua%205.4%20en-us%20utf8/table.lua , size = 4.445 KB
[20:55:22.414][info] [#0:script/workspace/loading.lua:112]: ++++As library of:	file:///home/acs/dotfiles/data/nvim/mason/packages/lua-language-server/libexec/meta/Lua%205.4%20en-us%20utf8/table.lua
[20:55:22.414][info] [#0:script/workspace/loading.lua:97]: Skip loaded file: file:///home/acs/dotfiles/data/nvim/mason/packages/lua-language-server/libexec/meta/Lua%205.4%20en-us%20utf8/table.lua
[20:55:22.414][info] [#0:script/workspace/loading.lua:100]: Preload file at: file:///home/acs/dotfiles/data/nvim/mason/packages/lua-language-server/libexec/meta/Lua%205.4%20en-us%20utf8/math.lua , size = 8.509 KB
[20:55:22.421][info] [#0:script/workspace/loading.lua:112]: ++++As library of:	file:///home/acs/dotfiles/data/nvim/mason/packages/lua-language-server/libexec/meta/Lua%205.4%20en-us%20utf8/math.lua
[20:55:22.421][info] [#0:script/workspace/loading.lua:97]: Skip loaded file: file:///home/acs/dotfiles/data/nvim/mason/packages/lua-language-server/libexec/meta/Lua%205.4%20en-us%20utf8/math.lua
[20:55:22.422][info] [#0:script/workspace/loading.lua:100]: Preload file at: file:///home/acs/dotfiles/data/nvim/mason/packages/lua-language-server/libexec/meta/Lua%205.4%20en-us%20utf8/package.lua , size = 2.944 KB
[20:55:22.424][info] [#0:script/workspace/loading.lua:112]: ++++As library of:	file:///home/acs/dotfiles/data/nvim/mason/packages/lua-language-server/libexec/meta/Lua%205.4%20en-us%20utf8/package.lua
[20:55:22.424][info] [#0:script/workspace/loading.lua:97]: Skip loaded file: file:///home/acs/dotfiles/data/nvim/mason/packages/lua-language-server/libexec/meta/Lua%205.4%20en-us%20utf8/package.lua
[20:55:22.424][info] [#0:script/workspace/loading.lua:100]: Preload file at: file:///home/acs/dotfiles/data/nvim/mason/packages/lua-language-server/libexec/meta/Lua%205.4%20en-us%20utf8/debug.lua , size = 7.637 KB
[20:55:22.434][info] [#0:script/workspace/loading.lua:112]: ++++As library of:	file:///home/acs/dotfiles/data/nvim/mason/packages/lua-language-server/libexec/meta/Lua%205.4%20en-us%20utf8/debug.lua
[20:55:22.434][info] [#0:script/workspace/loading.lua:97]: Skip loaded file: file:///home/acs/dotfiles/data/nvim/mason/packages/lua-language-server/libexec/meta/Lua%205.4%20en-us%20utf8/debug.lua
[20:55:22.435][info] [#0:script/workspace/loading.lua:100]: Preload file at: file:///home/acs/dotfiles/data/nvim/mason/packages/lua-language-server/libexec/meta/Lua%205.4%20en-us%20utf8/basic.lua , size = 15.841 KB
[20:55:22.445][info] [#0:script/workspace/loading.lua:112]: ++++As library of:	file:///home/acs/dotfiles/data/nvim/mason/packages/lua-language-server/libexec/meta/Lua%205.4%20en-us%20utf8/basic.lua
[20:55:22.445][info] [#0:script/workspace/loading.lua:97]: Skip loaded file: file:///home/acs/dotfiles/data/nvim/mason/packages/lua-language-server/libexec/meta/Lua%205.4%20en-us%20utf8/basic.lua
[20:55:22.445][info] [#0:script/workspace/loading.lua:100]: Preload file at: file:///home/acs/dotfiles/data/nvim/mason/packages/lua-language-server/libexec/meta/Lua%205.4%20en-us%20utf8/utf8.lua , size = 2.386 KB
[20:55:22.447][info] [#0:script/workspace/loading.lua:112]: ++++As library of:	file:///home/acs/dotfiles/data/nvim/mason/packages/lua-language-server/libexec/meta/Lua%205.4%20en-us%20utf8/utf8.lua
[20:55:22.447][info] [#0:script/workspace/loading.lua:97]: Skip loaded file: file:///home/acs/dotfiles/data/nvim/mason/packages/lua-language-server/libexec/meta/Lua%205.4%20en-us%20utf8/utf8.lua
[20:55:22.448][info] [#0:script/workspace/loading.lua:100]: Preload file at: file:///home/acs/dotfiles/data/nvim/mason/packages/lua-language-server/libexec/meta/Lua%205.4%20en-us%20utf8/string.lua , size = 6.327 KB
[20:55:22.458][info] [#0:script/workspace/loading.lua:112]: ++++As library of:	file:///home/acs/dotfiles/data/nvim/mason/packages/lua-language-server/libexec/meta/Lua%205.4%20en-us%20utf8/string.lua
[20:55:22.459][info] [#0:script/workspace/loading.lua:97]: Skip loaded file: file:///home/acs/dotfiles/data/nvim/mason/packages/lua-language-server/libexec/meta/Lua%205.4%20en-us%20utf8/string.lua
[20:55:22.459][info] [#0:script/workspace/loading.lua:100]: Preload file at: file:///home/acs/dotfiles/data/nvim/mason/packages/lua-language-server/libexec/meta/Lua%205.4%20en-us%20utf8/io.lua , size = 6.364 KB
[20:55:22.463][info] [#0:script/workspace/loading.lua:112]: ++++As library of:	file:///home/acs/dotfiles/data/nvim/mason/packages/lua-language-server/libexec/meta/Lua%205.4%20en-us%20utf8/io.lua
[20:55:22.463][info] [#0:script/workspace/loading.lua:88]: Skip loaded file: file:///home/acs/dotfiles/data/nvim/mason/packages/lua-language-server/libexec/meta/Lua%205.4%20en-us%20utf8/io.lua
[20:55:22.463][info] [#0:script/workspace/loading.lua:112]: ++++As library of:	file:///home/acs/dotfiles/data/nvim/mason/packages/lua-language-server/libexec/meta/Lua%205.4%20en-us%20utf8/io.lua
[20:55:22.463][info] [#0:script/workspace/loading.lua:172]: Loaded files takes [0.069] sec: <fallback>
[20:55:22.463][info] [#0:script/workspace/loading.lua:181]: Compile files takes [0.000] sec: <fallback>
[20:55:22.463][info] [#0:script/workspace/loading.lua:182]: Loaded finish:	<fallback>
[20:55:22.463][info] [#0:script/workspace/workspace.lua:381]: Preload finish at:	<fallback>
[20:55:22.465][info] [#0:script/workspace/loading.lua:100]: Preload file at: file:///home/acs/dotfiles/config/nvim/init.lua , size = 1.079 KB
[20:55:22.466][info] [#0:script/workspace/loading.lua:100]: Preload file at: file:///home/acs/dotfiles/config/nvim/lua/core/keymaps.lua , size = 0.464 KB
[20:55:22.467][info] [#0:script/workspace/loading.lua:88]: Skip loaded file: file:///home/acs/dotfiles/config/nvim/lua/core/options.lua
[20:55:22.467][info] [#0:script/workspace/loading.lua:100]: Preload file at: file:///home/acs/dotfiles/config/nvim/lua/plugins/bufferline.lua , size = 0.358 KB
[20:55:22.468][info] [#0:script/workspace/loading.lua:100]: Preload file at: file:///home/acs/dotfiles/config/nvim/lua/plugins/cmp.lua , size = 1.562 KB
[20:55:22.470][info] [#0:script/workspace/loading.lua:100]: Preload file at: file:///home/acs/dotfiles/config/nvim/lua/plugins/plugins-setup.lua , size = 1.670 KB
[20:55:22.471][info] [#0:script/workspace/loading.lua:100]: Preload file at: file:///home/acs/dotfiles/config/nvim/lua/plugins/lsp.lua , size = 0.424 KB
[20:55:22.471][info] [#0:script/workspace/loading.lua:100]: Preload file at: file:///home/acs/dotfiles/config/nvim/lua/plugins/autopairs.lua , size = 0.770 KB
[20:55:22.472][info] [#0:script/workspace/loading.lua:100]: Preload file at: file:///home/acs/dotfiles/config/nvim/lua/plugins/nvim-tree.lua , size = 0.107 KB
[20:55:22.473][info] [#0:script/workspace/loading.lua:100]: Preload file at: file:///home/acs/dotfiles/config/nvim/plugin/packer_compiled.lua , size = 5.939 KB
[20:55:22.476][info] [#0:script/workspace/loading.lua:172]: Loaded files takes [0.082] sec: file:///home/acs/dotfiles/config/nvim
[20:55:22.476][info] [#0:script/workspace/loading.lua:181]: Compile files takes [0.000] sec: file:///home/acs/dotfiles/config/nvim
[20:55:22.476][info] [#0:script/workspace/loading.lua:182]: Loaded finish:	file:///home/acs/dotfiles/config/nvim
[20:55:22.476][info] [#0:script/workspace/workspace.lua:381]: Preload finish at:	file:///home/acs/dotfiles/config/nvim
[20:55:22.481][info] [#0:script/provider/diagnostic.lua:560]: Diagnostics scope [file:///home/acs/dotfiles/config/nvim], files count:[21]
[20:55:22.678][info] [#0:script/provider/diagnostic.lua:577]: Diagnostics scope [file:///home/acs/dotfiles/config/nvim] finished, takes [0.097] sec.
[20:55:27.966][info] [#0:script/provider/provider.lua:175]: Server shutdown.
[20:55:28.066][warn] [#0:script/pub/report.lua:24]: Load proto error:	Disconnected!
